-------------------------------------------------------------------------------
Test set: org.koreait.AppTest
-------------------------------------------------------------------------------
Tests run: 1, Failures: 1, Errors: 0, Skipped: 0, Time elapsed: 0.02 s <<< FAILURE! - in org.koreait.AppTest
shouldAnswerWithTrue(org.koreait.AppTest)  Time elapsed: 0.003 s  <<< FAILURE!
java.lang.AssertionError
	at org.koreait.AppTest.shouldAnswerWithTrue(AppTest.java:18)

